nohup: ignoring input
Looking in indexes: https://artifactory.basf.net/artifactory/api/pypi/pypi-mirrors-all/simple
Collecting torch>=2.5.0 (from -r /home/koitkam/neural-apc-mbrl/requirements.txt (line 5))
  Downloading torch-2.12.0-cp312-cp312-manylinux_2_28_x86_64.whl (532.3 MB)
     ━━━━━━━━━━━━━━━━━━━━━━━━━━━━━━━━━━━━━━━━ 532.3/532.3 MB 14.1 MB/s  0:00:51
Collecting onnx>=1.16.0 (from -r /home/koitkam/neural-apc-mbrl/requirements.txt (line 8))
  Using cached onnx-1.21.0-cp312-abi3-manylinux_2_27_x86_64.manylinux_2_28_x86_64.whl (17.6 MB)
Collecting onnxruntime-gpu>=1.18.0 (from -r /home/koitkam/neural-apc-mbrl/requirements.txt (line 9))
  Downloading onnxruntime_gpu-1.26.0-cp312-cp312-manylinux_2_27_x86_64.manylinux_2_28_x86_64.whl (277.0 MB)
     ━━━━━━━━━━━━━━━━━━━━━━━━━━━━━━━━━━━━━━━━ 277.0/277.0 MB 9.3 MB/s  0:00:30
Collecting optuna>=4.0.0 (from -r /home/koitkam/neural-apc-mbrl/requirements.txt (line 12))
  Downloading optuna-4.9.0-py3-none-any.whl (425 kB)
Collecting numpy>=1.24.0 (from -r /home/koitkam/neural-apc-mbrl/requirements.txt (line 15))
  Using cached numpy-2.4.6-cp312-cp312-manylinux_2_27_x86_64.manylinux_2_28_x86_64.whl (16.6 MB)
Collecting scipy>=1.10.0 (from -r /home/koitkam/neural-apc-mbrl/requirements.txt (line 16))
  Using cached scipy-1.17.1-cp312-cp312-manylinux_2_27_x86_64.manylinux_2_28_x86_64.whl (35.2 MB)
Collecting matplotlib>=3.7.0 (from -r /home/koitkam/neural-apc-mbrl/requirements.txt (line 17))
  Using cached matplotlib-3.10.9-cp312-cp312-manylinux2014_x86_64.manylinux_2_17_x86_64.whl (8.8 MB)
Collecting tqdm>=4.65.0 (from -r /home/koitkam/neural-apc-mbrl/requirements.txt (line 20))
  Downloading tqdm-4.68.1-py3-none-any.whl (78 kB)
Collecting pyyaml>=6.0 (from -r /home/koitkam/neural-apc-mbrl/requirements.txt (line 21))
  Using cached pyyaml-6.0.3-cp312-cp312-manylinux2014_x86_64.manylinux_2_17_x86_64.manylinux_2_28_x86_64.whl (807 kB)
Collecting filelock (from torch>=2.5.0->-r /home/koitkam/neural-apc-mbrl/requirements.txt (line 5))
  Downloading filelock-3.29.1-py3-none-any.whl (40 kB)
Collecting typing-extensions>=4.10.0 (from torch>=2.5.0->-r /home/koitkam/neural-apc-mbrl/requirements.txt (line 5))
  Using cached typing_extensions-4.15.0-py3-none-any.whl (44 kB)
Collecting setuptools<82 (from torch>=2.5.0->-r /home/koitkam/neural-apc-mbrl/requirements.txt (line 5))
  Using cached setuptools-81.0.0-py3-none-any.whl (1.1 MB)
Collecting sympy>=1.13.3 (from torch>=2.5.0->-r /home/koitkam/neural-apc-mbrl/requirements.txt (line 5))
  Using cached sympy-1.14.0-py3-none-any.whl (6.3 MB)
Collecting networkx>=2.5.1 (from torch>=2.5.0->-r /home/koitkam/neural-apc-mbrl/requirements.txt (line 5))
  Using cached networkx-3.6.1-py3-none-any.whl (2.1 MB)
Collecting jinja2 (from torch>=2.5.0->-r /home/koitkam/neural-apc-mbrl/requirements.txt (line 5))
  Using cached jinja2-3.1.6-py3-none-any.whl (134 kB)
Collecting fsspec>=0.8.5 (from torch>=2.5.0->-r /home/koitkam/neural-apc-mbrl/requirements.txt (line 5))
  Downloading fsspec-2026.4.0-py3-none-any.whl (203 kB)
Collecting cuda-toolkit==13.0.2 (from cuda-toolkit[cudart,cufft,cufile,cupti,curand,cusolver,cusparse,nvjitlink,nvrtc,nvtx]==13.0.2; platform_system == "Linux"->torch>=2.5.0->-r /home/koitkam/neural-apc-mbrl/requirements.txt (line 5))
  Using cached cuda_toolkit-13.0.2-py2.py3-none-any.whl (2.4 kB)
Collecting nvidia-cublas<=13.1.1.3,>=13.1.0.3 (from torch>=2.5.0->-r /home/koitkam/neural-apc-mbrl/requirements.txt (line 5))
  Downloading nvidia_cublas-13.1.1.3-py3-none-manylinux_2_27_x86_64.whl (423.1 MB)
     ━━━━━━━━━━━━━━━━━━━━━━━━━━━━━━━━━━━━━━━━ 423.1/423.1 MB 9.6 MB/s  0:00:43
Collecting cuda-bindings<14,>=13.0.3 (from torch>=2.5.0->-r /home/koitkam/neural-apc-mbrl/requirements.txt (line 5))
  Downloading cuda_bindings-13.3.1-cp312-cp312-manylinux_2_24_x86_64.manylinux_2_28_x86_64.whl (6.7 MB)
     ━━━━━━━━━━━━━━━━━━━━━━━━━━━━━━━━━━━━━━━━ 6.7/6.7 MB 3.5 MB/s  0:00:02
Collecting nvidia-cudnn-cu13==9.20.0.48 (from torch>=2.5.0->-r /home/koitkam/neural-apc-mbrl/requirements.txt (line 5))
  Downloading nvidia_cudnn_cu13-9.20.0.48-py3-none-manylinux_2_27_x86_64.whl (366.2 MB)
     ━━━━━━━━━━━━━━━━━━━━━━━━━━━━━━━━━━━━━━━━ 366.2/366.2 MB 5.8 MB/s  0:01:12
Collecting nvidia-cusparselt-cu13==0.8.1 (from torch>=2.5.0->-r /home/koitkam/neural-apc-mbrl/requirements.txt (line 5))
  Downloading nvidia_cusparselt_cu13-0.8.1-py3-none-manylinux2014_x86_64.whl (170.1 MB)
     ━━━━━━━━━━━━━━━━━━━━━━━━━━━━━━━━━━━━━━━━ 170.1/170.1 MB 3.4 MB/s  0:01:00
Collecting nvidia-nccl-cu13==2.29.7 (from torch>=2.5.0->-r /home/koitkam/neural-apc-mbrl/requirements.txt (line 5))
  Downloading nvidia_nccl_cu13-2.29.7-py3-none-manylinux_2_18_x86_64.whl (206.0 MB)
     ━━━━━━━━━━━━━━━━━━━━━━━━━━━━━━━━━━━━━━━━ 206.0/206.0 MB 4.8 MB/s  0:00:46
Collecting nvidia-nvshmem-cu13==3.4.5 (from torch>=2.5.0->-r /home/koitkam/neural-apc-mbrl/requirements.txt (line 5))
  Using cached nvidia_nvshmem_cu13-3.4.5-py3-none-manylinux2014_x86_64.manylinux_2_17_x86_64.whl (60.4 MB)
Collecting triton==3.7.0 (from torch>=2.5.0->-r /home/koitkam/neural-apc-mbrl/requirements.txt (line 5))
  Downloading triton-3.7.0-cp312-cp312-manylinux_2_27_x86_64.manylinux_2_28_x86_64.whl (201.5 MB)
     ━━━━━━━━━━━━━━━━━━━━━━━━━━━━━━━━━━━━━━━━ 201.5/201.5 MB 3.7 MB/s  0:00:57
Collecting nvidia-cuda-runtime==13.0.96.* (from cuda-toolkit[cudart,cufft,cufile,cupti,curand,cusolver,cusparse,nvjitlink,nvrtc,nvtx]==13.0.2; platform_system == "Linux"->torch>=2.5.0->-r /home/koitkam/neural-apc-mbrl/requirements.txt (line 5))
  Using cached nvidia_cuda_runtime-13.0.96-py3-none-manylinux2014_x86_64.manylinux_2_17_x86_64.whl (2.2 MB)
Collecting nvidia-cufft==12.0.0.61.* (from cuda-toolkit[cudart,cufft,cufile,cupti,curand,cusolver,cusparse,nvjitlink,nvrtc,nvtx]==13.0.2; platform_system == "Linux"->torch>=2.5.0->-r /home/koitkam/neural-apc-mbrl/requirements.txt (line 5))
  Using cached nvidia_cufft-12.0.0.61-py3-none-manylinux2014_x86_64.manylinux_2_17_x86_64.whl (214.1 MB)
Collecting nvidia-cufile==1.15.1.6.* (from cuda-toolkit[cudart,cufft,cufile,cupti,curand,cusolver,cusparse,nvjitlink,nvrtc,nvtx]==13.0.2; platform_system == "Linux"->torch>=2.5.0->-r /home/koitkam/neural-apc-mbrl/requirements.txt (line 5))
  Using cached nvidia_cufile-1.15.1.6-py3-none-manylinux2014_x86_64.manylinux_2_17_x86_64.whl (1.2 MB)
Collecting nvidia-cuda-cupti==13.0.85.* (from cuda-toolkit[cudart,cufft,cufile,cupti,curand,cusolver,cusparse,nvjitlink,nvrtc,nvtx]==13.0.2; platform_system == "Linux"->torch>=2.5.0->-r /home/koitkam/neural-apc-mbrl/requirements.txt (line 5))
  Using cached nvidia_cuda_cupti-13.0.85-py3-none-manylinux_2_25_x86_64.whl (10.7 MB)
Collecting nvidia-curand==10.4.0.35.* (from cuda-toolkit[cudart,cufft,cufile,cupti,curand,cusolver,cusparse,nvjitlink,nvrtc,nvtx]==13.0.2; platform_system == "Linux"->torch>=2.5.0->-r /home/koitkam/neural-apc-mbrl/requirements.txt (line 5))
  Using cached nvidia_curand-10.4.0.35-py3-none-manylinux_2_27_x86_64.whl (59.5 MB)
Collecting nvidia-cusolver==12.0.4.66.* (from cuda-toolkit[cudart,cufft,cufile,cupti,curand,cusolver,cusparse,nvjitlink,nvrtc,nvtx]==13.0.2; platform_system == "Linux"->torch>=2.5.0->-r /home/koitkam/neural-apc-mbrl/requirements.txt (line 5))
  Using cached nvidia_cusolver-12.0.4.66-py3-none-manylinux_2_27_x86_64.whl (200.9 MB)
Collecting nvidia-cusparse==12.6.3.3.* (from cuda-toolkit[cudart,cufft,cufile,cupti,curand,cusolver,cusparse,nvjitlink,nvrtc,nvtx]==13.0.2; platform_system == "Linux"->torch>=2.5.0->-r /home/koitkam/neural-apc-mbrl/requirements.txt (line 5))
  Using cached nvidia_cusparse-12.6.3.3-py3-none-manylinux2014_x86_64.manylinux_2_17_x86_64.whl (145.9 MB)
Collecting nvidia-nvjitlink==13.0.88.* (from cuda-toolkit[cudart,cufft,cufile,cupti,curand,cusolver,cusparse,nvjitlink,nvrtc,nvtx]==13.0.2; platform_system == "Linux"->torch>=2.5.0->-r /home/koitkam/neural-apc-mbrl/requirements.txt (line 5))
  Using cached nvidia_nvjitlink-13.0.88-py3-none-manylinux2010_x86_64.manylinux_2_12_x86_64.whl (40.7 MB)
Collecting nvidia-cuda-nvrtc==13.0.88.* (from cuda-toolkit[cudart,cufft,cufile,cupti,curand,cusolver,cusparse,nvjitlink,nvrtc,nvtx]==13.0.2; platform_system == "Linux"->torch>=2.5.0->-r /home/koitkam/neural-apc-mbrl/requirements.txt (line 5))
  Using cached nvidia_cuda_nvrtc-13.0.88-py3-none-manylinux2010_x86_64.manylinux_2_12_x86_64.whl (90.2 MB)
Collecting nvidia-nvtx==13.0.85.* (from cuda-toolkit[cudart,cufft,cufile,cupti,curand,cusolver,cusparse,nvjitlink,nvrtc,nvtx]==13.0.2; platform_system == "Linux"->torch>=2.5.0->-r /home/koitkam/neural-apc-mbrl/requirements.txt (line 5))
  Using cached nvidia_nvtx-13.0.85-py3-none-manylinux1_x86_64.manylinux_2_5_x86_64.whl (148 kB)
Collecting cuda-pathfinder>=1.4.2 (from cuda-bindings<14,>=13.0.3->torch>=2.5.0->-r /home/koitkam/neural-apc-mbrl/requirements.txt (line 5))
  Downloading cuda_pathfinder-1.5.5-py3-none-any.whl (51 kB)
Collecting protobuf>=4.25.1 (from onnx>=1.16.0->-r /home/koitkam/neural-apc-mbrl/requirements.txt (line 8))
  Downloading protobuf-7.35.0-cp310-abi3-manylinux2014_x86_64.whl (327 kB)
Collecting ml_dtypes>=0.5.0 (from onnx>=1.16.0->-r /home/koitkam/neural-apc-mbrl/requirements.txt (line 8))
  Using cached ml_dtypes-0.5.4-cp312-cp312-manylinux_2_27_x86_64.manylinux_2_28_x86_64.whl (5.0 MB)
Collecting flatbuffers (from onnxruntime-gpu>=1.18.0->-r /home/koitkam/neural-apc-mbrl/requirements.txt (line 9))
  Using cached flatbuffers-25.12.19-py2.py3-none-any.whl (26 kB)
Collecting packaging (from onnxruntime-gpu>=1.18.0->-r /home/koitkam/neural-apc-mbrl/requirements.txt (line 9))
  Using cached packaging-26.2-py3-none-any.whl (100 kB)
Collecting alembic>=1.5.0 (from optuna>=4.0.0->-r /home/koitkam/neural-apc-mbrl/requirements.txt (line 12))
  Using cached alembic-1.18.4-py3-none-any.whl (263 kB)
Collecting colorlog (from optuna>=4.0.0->-r /home/koitkam/neural-apc-mbrl/requirements.txt (line 12))
  Using cached colorlog-6.10.1-py3-none-any.whl (11 kB)
Collecting sqlalchemy>=1.4.2 (from optuna>=4.0.0->-r /home/koitkam/neural-apc-mbrl/requirements.txt (line 12))
  Downloading sqlalchemy-2.0.50-cp312-cp312-manylinux2014_x86_64.manylinux_2_17_x86_64.manylinux_2_28_x86_64.whl (3.4 MB)
     ━━━━━━━━━━━━━━━━━━━━━━━━━━━━━━━━━━━━━━━━ 3.4/3.4 MB 3.4 MB/s  0:00:01
Collecting contourpy>=1.0.1 (from matplotlib>=3.7.0->-r /home/koitkam/neural-apc-mbrl/requirements.txt (line 17))
  Using cached contourpy-1.3.3-cp312-cp312-manylinux_2_27_x86_64.manylinux_2_28_x86_64.whl (362 kB)
Collecting cycler>=0.10 (from matplotlib>=3.7.0->-r /home/koitkam/neural-apc-mbrl/requirements.txt (line 17))
  Using cached cycler-0.12.1-py3-none-any.whl (8.3 kB)
Collecting fonttools>=4.22.0 (from matplotlib>=3.7.0->-r /home/koitkam/neural-apc-mbrl/requirements.txt (line 17))
  Downloading fonttools-4.63.0-cp312-cp312-manylinux2014_x86_64.manylinux_2_17_x86_64.whl (5.0 MB)
     ━━━━━━━━━━━━━━━━━━━━━━━━━━━━━━━━━━━━━━━━ 5.0/5.0 MB 2.0 MB/s  0:00:02
Collecting kiwisolver>=1.3.1 (from matplotlib>=3.7.0->-r /home/koitkam/neural-apc-mbrl/requirements.txt (line 17))
  Using cached kiwisolver-1.5.0-cp312-cp312-manylinux2014_x86_64.manylinux_2_17_x86_64.whl (1.5 MB)
