iter    1 steps   4214 ret_ema -27.58 recon 2.4405 kl 1.0000 actor -0.0008 critic 4.2896
iter    2 steps   7224 ret_ema -3.42 recon 1.9535 kl 1.0000 actor -0.0006 critic 3.6781
iter    3 steps  10234 ret_ema 4.48 recon 1.6445 kl 1.0000 actor -0.0005 critic 2.6446
iter    4 steps  13244 ret_ema -8.57 recon 1.4017 kl 1.0000 actor -0.0012 critic 1.4544
iter    5 steps  16254 ret_ema -15.69 recon 1.2267 kl 1.0000 actor -0.0018 critic 1.2722
iter    6 steps  19264 ret_ema -14.78 recon 1.0764 kl 1.0000 actor -0.0007 critic 1.0769
iter    7 steps  22274 ret_ema -5.95 recon 0.9490 kl 1.0000 actor 0.0009 critic 0.9910
iter    8 steps  25284 ret_ema -12.17 recon 0.8450 kl 1.0000 actor -0.0005 critic 1.1047
iter    9 steps  28294 ret_ema -13.33 recon 0.7597 kl 1.0000 actor -0.0004 critic 1.4280
iter   10 steps  31304 ret_ema -8.21 recon 0.6801 kl 1.0000 actor -0.0005 critic 1.1560
iter   11 steps  34314 ret_ema -3.37 recon 0.6164 kl 1.0000 actor 0.0003 critic 1.0840
iter   12 steps  37324 ret_ema 4.12 recon 0.5536 kl 1.0000 actor 0.0002 critic 0.6981
iter   13 steps  40334 ret_ema 3.34 recon 0.5033 kl 1.0000 actor -0.0005 critic 0.8794
iter   14 steps  43344 ret_ema 8.27 recon 0.4580 kl 1.0000 actor -0.0031 critic 0.9026
iter   15 steps  46354 ret_ema 8.68 recon 0.4179 kl 1.0000 actor -0.0016 critic 1.3348
iter   16 steps  49364 ret_ema 3.17 recon 0.3830 kl 1.0000 actor -0.0008 critic 1.3265
iter   17 steps  52374 ret_ema 10.67 recon 0.3479 kl 1.0000 actor -0.0032 critic 0.9056
iter   18 steps  55384 ret_ema 9.39 recon 0.3208 kl 1.0000 actor -0.0019 critic 0.7544
iter   19 steps  58394 ret_ema 4.53 recon 0.2949 kl 1.0000 actor -0.0009 critic 0.8488
iter   20 steps  61404 ret_ema -3.56 recon 0.2711 kl 1.0000 actor 0.0004 critic 2.0624
iter   21 steps  64414 ret_ema -12.08 recon 0.2480 kl 1.0000 actor -0.0006 critic 0.9048
iter   22 steps  67424 ret_ema -3.08 recon 0.2295 kl 1.0000 actor -0.0017 critic 0.7910
iter   23 steps  70434 ret_ema -5.29 recon 0.2111 kl 1.0000 actor -0.0005 critic 0.7141
iter   24 steps  73444 ret_ema -7.02 recon 0.1948 kl 1.0000 actor -0.0004 critic 1.9291
iter   25 steps  76454 ret_ema -12.35 recon 0.1799 kl 1.0000 actor -0.0006 critic 0.7838
iter   26 steps  79464 ret_ema -14.81 recon 0.1652 kl 1.0000 actor -0.0016 critic 0.9073
iter   27 steps  82474 ret_ema -18.25 recon 0.1528 kl 1.0000 actor -0.0014 critic 0.8569
